<?xml version="1.0" encoding="UTF-8"?>
<!-- Generated by org.testng.reporters.JUnitXMLReporter -->
<testsuite hostname="DESKTOP-JUT61QE" ignored="0" name="Default test" tests="2" failures="0" timestamp="2021-01-25T00:34:50 PST" time="32.973" errors="0">
  <testcase name="homepagetitleverify" time="19.094" classname="com.bitm.SeleniumOnlineProject1.Test.LoginTest"/>
  <testcase name="logintest" time="8.971" classname="com.bitm.SeleniumOnlineProject1.Test.LoginTest"/>
</testsuite> <!-- Default test -->
