<?xml version="1.0" encoding="UTF-8"?>
<!-- Generated by org.testng.reporters.JUnitXMLReporter -->
<testsuite hostname="DESKTOP-JUT61QE" ignored="0" name="LoginModule" tests="2" failures="1" timestamp="2021-01-26T13:20:40 PST" time="32.636" errors="0">
  <testcase name="homepagetitleverify" time="31.191" classname="com.bitm.SeleniumOnlineProject1.Test.LoginTest">
    <failure type="java.lang.AssertionError" message="expected [OrangeHRMM] but found [OrangeHRM]">
      <![CDATA[java.lang.AssertionError: expected [OrangeHRMM] but found [OrangeHRM]
at com.bitm.SeleniumOnlineProject1.Test.LoginTest.homepagetitleverify(LoginTest.java:32)
at java.util.ArrayList.forEach(ArrayList.java:1259)
... Removed 33 stack frames]]>
    </failure>
  </testcase> <!-- homepagetitleverify -->
  <testcase name="logintest" time="0.0" classname="com.bitm.SeleniumOnlineProject1.Test.LoginTest">
    <skipped/>
  </testcase> <!-- logintest -->
</testsuite> <!-- LoginModule -->
